
{"level":"http","message":"GET en /api/loggerTest - 09:50:31","timestamp":"2023-08-03T12:50:31.024Z"}
{"level":"fatal","message":"Esto es un mensaje de error fatal","timestamp":"2023-08-03T12:50:31.026Z"}
{"level":"error","message":"Esto es un mensaje de error","timestamp":"2023-08-03T12:50:31.027Z"}
{"level":"warning","message":"Esto es un mensaje de advertencia","timestamp":"2023-08-03T12:50:31.029Z"}
{"level":"info","message":"Esto es un mensaje informativo","timestamp":"2023-08-03T12:50:31.030Z"}
{"level":"http","message":"Esto es un mensaje detallado","timestamp":"2023-08-03T12:50:31.031Z"}
{"level":"debug","message":"Esto es un mensaje de depuración","timestamp":"2023-08-03T12:50:31.032Z"}
{"level":"http","message":"POST en /api/sessions/login - 09:50:53","timestamp":"2023-08-03T12:50:53.628Z"}
{"level":"http","message":"POST en /api/sessions/login - 10:34:28","timestamp":"2023-08-11T13:34:28.366Z"}
{"level":"http","message":"POST en /api/sessions/login - 10:41:44","timestamp":"2023-08-11T13:41:44.417Z"}
{"level":"http","message":"POST en /api/sessions/login - 10:41:50","timestamp":"2023-08-11T13:41:50.572Z"}
{"level":"http","message":"POST en /api/sessions/logout - 10:43:03","timestamp":"2023-08-11T13:43:03.678Z"}
{"level":"http","message":"GET en /api/sessions/logout - 10:43:41","timestamp":"2023-08-11T13:43:41.745Z"}
{"level":"http","message":"GET en /api/sessions/logout - 10:44:58","timestamp":"2023-08-11T13:44:58.928Z"}
{"level":"http","message":"GET en /api/sessions/logout - 10:46:18","timestamp":"2023-08-11T13:46:18.410Z"}
{"level":"http","message":"GET en /api/sessions/logout - 10:51:36","timestamp":"2023-08-11T13:51:36.087Z"}
{"level":"http","message":"POST en /api/sessions/login - 10:53:28","timestamp":"2023-08-11T13:53:28.082Z"}
{"level":"http","message":"GET en /api/sessions/logout - 10:53:39","timestamp":"2023-08-11T13:53:39.945Z"}
{"level":"http","message":"POST en /api/sessions/login - 11:33:43","timestamp":"2023-08-11T14:33:43.705Z"}
{"level":"http","message":"GET en /api/sessions/logout - 11:33:49","timestamp":"2023-08-11T14:33:49.573Z"}
{"level":"http","message":"POST en /api/sessions/login - 11:34:30","timestamp":"2023-08-11T14:34:30.416Z"}
{"level":"http","message":"GET en /api/sessions/logout - 11:34:33","timestamp":"2023-08-11T14:34:33.143Z"}
{"level":"http","message":"POST en /api/sessions/login - 12:04:03","timestamp":"2023-08-11T15:04:03.588Z"}
{"level":"http","message":"GET en /api/sessions/logout - 12:04:07","timestamp":"2023-08-11T15:04:07.174Z"}
{"level":"http","message":"POST en /api/sessions/login - 12:05:03","timestamp":"2023-08-11T15:05:03.549Z"}
{"level":"http","message":"GET en /api/sessions/logout - 12:05:06","timestamp":"2023-08-11T15:05:06.928Z"}
{"level":"http","message":"POST en /api/sessions/login - 12:06:56","timestamp":"2023-08-11T15:06:56.600Z"}
{"level":"http","message":"GET en /api/sessions/logout - 12:06:59","timestamp":"2023-08-11T15:06:59.768Z"}
{"level":"http","message":"POST en /api/sessions/login - 12:09:19","timestamp":"2023-08-11T15:09:19.340Z"}
{"level":"http","message":"GET en /api/sessions/logout - 12:09:26","timestamp":"2023-08-11T15:09:26.682Z"}
{"level":"http","message":"POST en /api/sessions/login - 12:09:42","timestamp":"2023-08-11T15:09:42.367Z"}
{"level":"http","message":"GET en /api/sessions/logout - 12:09:46","timestamp":"2023-08-11T15:09:46.041Z"}
{"level":"http","message":"POST en /api/sessions/login - 12:14:44","timestamp":"2023-08-11T15:14:44.455Z"}
{"level":"http","message":"GET en /api/sessions/logout - 12:14:46","timestamp":"2023-08-11T15:14:46.857Z"}
{"level":"http","message":"POST en /api/sessions/login - 12:17:31","timestamp":"2023-08-11T15:17:31.549Z"}
{"level":"http","message":"GET en /api/sessions/logout - 12:17:34","timestamp":"2023-08-11T15:17:34.190Z"}
{"level":"http","message":"POST en /api/sessions/login - 12:19:59","timestamp":"2023-08-11T15:19:59.205Z"}
{"level":"http","message":"GET en /api/sessions/logout - 12:20:01","timestamp":"2023-08-11T15:20:01.441Z"}
{"level":"http","message":"POST en /api/sessions/login - 12:22:53","timestamp":"2023-08-11T15:22:53.423Z"}
{"level":"http","message":"GET en /api/sessions/logout - 12:22:56","timestamp":"2023-08-11T15:22:56.162Z"}
{"level":"http","message":"POST en /api/sessions/login - 12:24:29","timestamp":"2023-08-11T15:24:29.388Z"}
{"level":"http","message":"GET en /api/sessions/logout - 12:27:05","timestamp":"2023-08-11T15:27:05.021Z"}
{"level":"http","message":"POST en /api/sessions/login - 12:35:33","timestamp":"2023-08-11T15:35:33.642Z"}
{"level":"http","message":"GET en /api/sessions/logout - 12:35:36","timestamp":"2023-08-11T15:35:36.067Z"}
{"level":"http","message":"POST en /api/sessions/login - 12:39:43","timestamp":"2023-08-11T15:39:43.033Z"}
{"level":"http","message":"GET en /api/sessions/logout - 12:41:12","timestamp":"2023-08-11T15:41:12.083Z"}
{"level":"http","message":"POST en /api/sessions/login - 12:43:39","timestamp":"2023-08-11T15:43:39.131Z"}
{"level":"http","message":"GET en /api/sessions/logout - 12:43:43","timestamp":"2023-08-11T15:43:43.826Z"}
{"level":"http","message":"POST en /api/sessions/login - 12:43:51","timestamp":"2023-08-11T15:43:51.708Z"}
{"level":"http","message":"GET en /api/sessions/logout - 12:44:47","timestamp":"2023-08-11T15:44:47.972Z"}
{"level":"http","message":"POST en /api/sessions/login - 12:45:36","timestamp":"2023-08-11T15:45:36.663Z"}
{"level":"http","message":"GET en /api/sessions/logout - 12:47:01","timestamp":"2023-08-11T15:47:01.767Z"}
{"level":"http","message":"POST en /api/sessions/login - 12:49:22","timestamp":"2023-08-11T15:49:22.805Z"}
{"level":"http","message":"POST en /api/sessions/login - 14:19:32","timestamp":"2023-08-11T17:19:32.597Z"}
{"level":"http","message":"GET en /api/sessions/logout - 14:20:35","timestamp":"2023-08-11T17:20:35.705Z"}
{"level":"http","message":"POST en /api/sessions/login - 14:26:17","timestamp":"2023-08-11T17:26:17.381Z"}
{"level":"http","message":"GET en /api/sessions/logout - 14:26:22","timestamp":"2023-08-11T17:26:22.085Z"}
{"level":"http","message":"GET en /api/sessions/logout - 14:27:37","timestamp":"2023-08-11T17:27:37.942Z"}
{"level":"http","message":"GET en /api/sessions/logout - 14:28:08","timestamp":"2023-08-11T17:28:08.269Z"}
{"level":"http","message":"GET en /api/sessions/logout - 14:29:16","timestamp":"2023-08-11T17:29:16.205Z"}
{"level":"http","message":"POST en /api/sessions/login - 14:30:10","timestamp":"2023-08-11T17:30:10.890Z"}
{"level":"http","message":"GET en /api/sessions/logout - 14:30:19","timestamp":"2023-08-11T17:30:19.294Z"}
{"level":"http","message":"POST en /api/sessions/login - 14:30:57","timestamp":"2023-08-11T17:30:57.018Z"}
{"level":"http","message":"GET en /api/sessions/logout - 14:31:05","timestamp":"2023-08-11T17:31:05.724Z"}
{"level":"http","message":"POST en /api/sessions/login - 14:31:43","timestamp":"2023-08-11T17:31:43.922Z"}
{"level":"http","message":"POST en /api/sessions/login - 14:42:57","timestamp":"2023-08-11T17:42:57.060Z"}
{"level":"http","message":"GET en /api/sessions/logout - 14:43:00","timestamp":"2023-08-11T17:43:00.664Z"}
{"level":"http","message":"POST en /api/sessions/login - 14:44:06","timestamp":"2023-08-11T17:44:06.466Z"}
{"level":"http","message":"GET en /api/sessions/logout - 14:45:20","timestamp":"2023-08-11T17:45:20.452Z"}
{"level":"http","message":"POST en /api/sessions/login - 14:10:43","timestamp":"2023-08-12T17:10:43.697Z"}
{"level":"http","message":"POST en /api/users/64c2e0db30f9180f8cdfcf03/documents - 14:12:29","timestamp":"2023-08-12T17:12:29.233Z"}
{"level":"http","message":"POST en /api/users/64c2e0db30f9180f8cdfcf03/documents - 14:13:11","timestamp":"2023-08-12T17:13:11.621Z"}
{"level":"http","message":"POST en /api/users/64c2e0db30f9180f8cdfcf03/documents - 14:13:35","timestamp":"2023-08-12T17:13:35.857Z"}
{"level":"http","message":"POST en /api/users/64c2e0db30f9180f8cdfcf03/documents - 14:14:35","timestamp":"2023-08-12T17:14:35.237Z"}
{"level":"http","message":"POST en /api/users/64c2e0db30f9180f8cdfcf03/documents - 14:19:32","timestamp":"2023-08-12T17:19:32.537Z"}
{"level":"http","message":"POST en /api/users/64c2e0db30f9180f8cdfcf03/documents - 14:21:02","timestamp":"2023-08-12T17:21:02.337Z"}
{"level":"http","message":"POST en /api/users/64c2e0db30f9180f8cdfcf03/documents - 14:21:17","timestamp":"2023-08-12T17:21:17.988Z"}
{"level":"http","message":"POST en /api/users/64c2e0db30f9180f8cdfcf03/documents - 14:23:16","timestamp":"2023-08-12T17:23:16.729Z"}
{"level":"http","message":"POST en /api/users/64c2e0db30f9180f8cdfcf03/documents - 14:23:31","timestamp":"2023-08-12T17:23:31.359Z"}
{"level":"http","message":"POST en /api/users/64c2e0db30f9180f8cdfcf03/documents - 14:23:58","timestamp":"2023-08-12T17:23:58.240Z"}
{"level":"http","message":"POST en /api/users/64c2e0db30f9180f8cdfcf03/documents - 14:33:55","timestamp":"2023-08-12T17:33:55.621Z"}
{"level":"http","message":"POST en /api/users/64c2e0db30f9180f8cdfcf03/documents - 14:34:28","timestamp":"2023-08-12T17:34:28.722Z"}
{"level":"http","message":"POST en /api/users/64c2e0db30f9180f8cdfcf03/documents - 14:34:46","timestamp":"2023-08-12T17:34:46.651Z"}
{"level":"http","message":"POST en /api/users/64c2e0db30f9180f8cdfcf03/documents - 14:35:05","timestamp":"2023-08-12T17:35:05.860Z"}
{"level":"http","message":"POST en /api/users/64c2e0db30f9180f8cdfcf03/documents - 14:35:30","timestamp":"2023-08-12T17:35:30.257Z"}
{"level":"http","message":"POST en /api/users/64c2e0db30f9180f8cdfcf03/documents - 14:35:49","timestamp":"2023-08-12T17:35:49.029Z"}
{"level":"http","message":"POST en /api/users/64c2e0db30f9180f8cdfcf03/documents - 14:36:14","timestamp":"2023-08-12T17:36:14.695Z"}
{"level":"http","message":"POST en /api/users/64c2e0db30f9180f8cdfcf03/documents - 14:36:41","timestamp":"2023-08-12T17:36:41.379Z"}
{"level":"http","message":"POST en /api/users/64c2e0db30f9180f8cdfcf03/documents - 14:37:04","timestamp":"2023-08-12T17:37:04.945Z"}
{"level":"http","message":"POST en /api/users/64c2e0db30f9180f8cdfcf03/documents - 14:37:23","timestamp":"2023-08-12T17:37:23.211Z"}
{"level":"http","message":"POST en /api/users/64c2e0db30f9180f8cdfcf03/documents - 14:39:22","timestamp":"2023-08-12T17:39:22.217Z"}
{"level":"http","message":"POST en /api/users/64c2e0db30f9180f8cdfcf03/documents - 14:44:07","timestamp":"2023-08-12T17:44:07.214Z"}
{"level":"http","message":"POST en /api/users/64c2e0db30f9180f8cdfcf03/documents/profile - 14:44:52","timestamp":"2023-08-12T17:44:52.217Z"}
{"level":"http","message":"POST en /api/users/64c2e0db30f9180f8cdfcf03/documents/profile - 14:45:07","timestamp":"2023-08-12T17:45:07.351Z"}
{"level":"http","message":"POST en /api/users/64c2e0db30f9180f8cdfcf03/documents/profile - 14:45:29","timestamp":"2023-08-12T17:45:29.650Z"}
{"level":"http","message":"POST en /api/users/64c2e0db30f9180f8cdfcf03/documents/products - 14:46:22","timestamp":"2023-08-12T17:46:22.107Z"}
{"level":"http","message":"POST en /api/users/64c2e0db30f9180f8cdfcf03/documents/product - 14:46:38","timestamp":"2023-08-12T17:46:38.746Z"}
{"level":"http","message":"POST en /api/users/64c2e0db30f9180f8cdfcf03/documents/product - 14:47:53","timestamp":"2023-08-12T17:47:53.662Z"}
{"level":"http","message":"POST en /api/users/64c2e0db30f9180f8cdfcf03/documents - 14:54:46","timestamp":"2023-08-12T17:54:46.678Z"}
{"level":"http","message":"POST en /api/users/64c2e0db30f9180f8cdfcf03/documents - 14:55:16","timestamp":"2023-08-12T17:55:16.268Z"}
{"level":"http","message":"POST en /api/users/64c2e0db30f9180f8cdfcf03/documents - 14:55:53","timestamp":"2023-08-12T17:55:53.580Z"}
{"level":"http","message":"POST en /api/users/64c2e0db30f9180f8cdfcf03/documents - 14:56:11","timestamp":"2023-08-12T17:56:11.903Z"}
{"level":"http","message":"POST en /api/users/64c2e0db30f9180f8cdfcf03/documents - 14:56:41","timestamp":"2023-08-12T17:56:41.174Z"}
{"level":"http","message":"POST en /api/users/64c2e0db30f9180f8cdfcf03/documents - 14:57:47","timestamp":"2023-08-12T17:57:47.490Z"}
{"level":"http","message":"POST en /api/users/64c2e0db30f9180f8cdfcf03/documents - 14:58:00","timestamp":"2023-08-12T17:58:00.785Z"}
{"level":"http","message":"POST en /api/users/64c2e0db30f9180f8cdfcf03/documents - 14:58:35","timestamp":"2023-08-12T17:58:35.812Z"}
{"level":"http","message":"POST en /api/users/64c2e0db30f9180f8cdfcf03/documents - 14:59:08","timestamp":"2023-08-12T17:59:08.292Z"}
{"level":"http","message":"POST en /api/users/64c2e0db30f9180f8cdfcf03/documents - 14:59:23","timestamp":"2023-08-12T17:59:23.401Z"}
{"level":"http","message":"POST en /api/users/64c2e0db30f9180f8cdfcf03/documents - 14:59:46","timestamp":"2023-08-12T17:59:46.477Z"}
{"level":"http","message":"POST en /api/users/64c2e0db30f9180f8cdfcf03/documents - 15:00:14","timestamp":"2023-08-12T18:00:14.445Z"}
{"level":"http","message":"POST en /api/users/64c2e0db30f9180f8cdfcf03/documents - 15:00:35","timestamp":"2023-08-12T18:00:35.123Z"}
{"level":"http","message":"POST en /api/users/64c2e0db30f9180f8cdfcf03/documents - 15:01:14","timestamp":"2023-08-12T18:01:14.158Z"}
{"level":"http","message":"POST en /api/users/64c2e0db30f9180f8cdfcf03/documents - 15:02:15","timestamp":"2023-08-12T18:02:15.490Z"}
{"level":"http","message":"POST en /api/users/64c2e0db30f9180f8cdfcf03/documents - 15:03:04","timestamp":"2023-08-12T18:03:04.364Z"}
{"level":"http","message":"POST en /api/users/64c2e0db30f9180f8cdfcf03/documents - 15:03:26","timestamp":"2023-08-12T18:03:26.098Z"}
{"level":"http","message":"POST en /api/users/64c2e0db30f9180f8cdfcf03/documents - 15:05:08","timestamp":"2023-08-12T18:05:08.121Z"}
{"level":"http","message":"POST en /api/users/64c2e0db30f9180f8cdfcf03/documents - 15:11:57","timestamp":"2023-08-12T18:11:57.323Z"}
{"level":"http","message":"POST en /api/users/64c2e0db30f9180f8cdfcf03/documents - 15:12:07","timestamp":"2023-08-12T18:12:07.932Z"}
{"level":"http","message":"POST en /api/users/64c2e0db30f9180f8cdfcf03/documents - 15:12:28","timestamp":"2023-08-12T18:12:28.577Z"}
{"level":"http","message":"POST en /api/users/64c2e0db30f9180f8cdfcf03/documents - 15:13:02","timestamp":"2023-08-12T18:13:02.730Z"}
{"level":"http","message":"POST en /api/users/premium/64c2e0db30f9180f8cdfcf03 - 19:34:21","timestamp":"2023-08-12T22:34:21.972Z"}
{"level":"http","message":"POST en /api/users/premium/64c2e0db30f9180f8cdfcf03 - 19:35:10","timestamp":"2023-08-12T22:35:10.014Z"}
{"level":"http","message":"POST en /api/users/premium/64c2e0db30f9180f8cdfcf03 - 19:35:55","timestamp":"2023-08-12T22:35:55.519Z"}
{"level":"http","message":"POST en /api/users/premium/64c2e0db30f9180f8cdfcf03 - 19:36:32","timestamp":"2023-08-12T22:36:32.537Z"}
{"level":"http","message":"POST en /api/users/premium/64c2e0db30f9180f8cdfcf03 - 19:36:57","timestamp":"2023-08-12T22:36:57.653Z"}
{"level":"http","message":"POST en /api/users/premium/64c2e0db30f9180f8cdfcf03 - 19:37:19","timestamp":"2023-08-12T22:37:19.290Z"}
{"level":"http","message":"POST en /api/users/premium/64c2e0db30f9180f8cdfcf03 - 19:37:48","timestamp":"2023-08-12T22:37:48.591Z"}
{"level":"http","message":"POST en /api/users/premium/64c2e0db30f9180f8cdfcf03 - 19:44:55","timestamp":"2023-08-12T22:44:55.254Z"}
{"level":"http","message":"POST en /api/users/premium/64c2e0db30f9180f8cdfcf03 - 19:51:19","timestamp":"2023-08-12T22:51:19.293Z"}
{"level":"http","message":"POST en /api/users/premium/64c2e0db30f9180f8cdfcf03 - 19:51:39","timestamp":"2023-08-12T22:51:39.694Z"}
{"level":"http","message":"POST en /api/users/premium/64c2e0db30f9180f8cdfcf03 - 19:52:10","timestamp":"2023-08-12T22:52:10.708Z"}
{"level":"http","message":"POST en /api/users/premium/64c2e0db30f9180f8cdfcf03 - 20:02:18","timestamp":"2023-08-12T23:02:18.408Z"}
{"level":"http","message":"POST en /api/users/premium/64c2e0db30f9180f8cdfcf03 - 20:02:27","timestamp":"2023-08-12T23:02:27.187Z"}
{"level":"http","message":"POST en /api/users/premium/64c2e0db30f9180f8cdfcf03 - 20:02:38","timestamp":"2023-08-12T23:02:38.196Z"}
{"level":"http","message":"POST en /api/users/premium/64c2e0db30f9180f8cdfcf03 - 20:02:58","timestamp":"2023-08-12T23:02:58.877Z"}
{"level":"http","message":"POST en /api/users/premium/64c2e0db30f9180f8cdfcf03 - 20:03:31","timestamp":"2023-08-12T23:03:31.711Z"}
{"level":"http","message":"POST en /api/users/premium/64c2e0db30f9180f8cdfcf03 - 20:03:37","timestamp":"2023-08-12T23:03:37.885Z"}
{"level":"http","message":"GET en /api/products - 10:44:11","timestamp":"2023-08-15T13:44:11.364Z"}
{"level":"http","message":"POST en /api/sessions/signup - 10:52:16","timestamp":"2023-08-15T13:52:16.428Z"}
{"level":"http","message":"POST en /api/sessions/signup - 19:18:23","timestamp":"2023-08-16T22:18:23.538Z"}
{"level":"http","message":"POST en /api/sessions/signup - 19:20:10","timestamp":"2023-08-16T22:20:10.348Z"}
{"level":"http","message":"POST en /api/users/premium/64c2e0db30f9180f8cdfcf03 - 19:20:24","timestamp":"2023-08-16T22:20:24.637Z"}
{"level":"http","message":"POST en /api/users/premium/64c2e0db30f9180f8cdfcf03 - 19:20:49","timestamp":"2023-08-16T22:20:49.169Z"}
{"level":"http","message":"POST en /api/users/premium/64c2e0db30f9180f8cdfcf03 - 19:35:13","timestamp":"2023-08-16T22:35:13.208Z"}
{"level":"http","message":"POST en /api/users/premium/64c2e0db30f9180f8cdfcf03 - 19:35:18","timestamp":"2023-08-16T22:35:18.204Z"}
{"level":"http","message":"POST en /api/users/premium/64c2e0db30f9180f8cdfcf03 - 19:41:53","timestamp":"2023-08-16T22:41:53.322Z"}
{"level":"http","message":"POST en /api/users/premium/64c2e0db30f9180f8cdfcf03 - 19:45:23","timestamp":"2023-08-16T22:45:23.784Z"}
{"level":"http","message":"POST en /api/users/premium/64c2e0db30f9180f8cdfcf03 - 19:47:09","timestamp":"2023-08-16T22:47:09.490Z"}
{"level":"http","message":"POST en /api/users/premium/64c2e0db30f9180f8cdfcf03 - 19:50:19","timestamp":"2023-08-16T22:50:19.851Z"}
{"level":"http","message":"POST en /api/users/premium/64c2e0db30f9180f8cdfcf03 - 19:50:24","timestamp":"2023-08-16T22:50:24.260Z"}
{"level":"http","message":"POST en /api/users/premium/64c2e0db30f9180f8cdfcf03 - 19:54:36","timestamp":"2023-08-16T22:54:36.908Z"}
{"level":"http","message":"POST en /api/users/premium/64c2e0db30f9180f8cdfcf03 - 20:00:05","timestamp":"2023-08-16T23:00:05.136Z"}
{"level":"http","message":"POST en /api/users/premium/64c2e0db30f9180f8cdfcf03 - 20:00:59","timestamp":"2023-08-16T23:00:59.650Z"}
{"level":"http","message":"POST en /api/users/premium/64c2e0db30f9180f8cdfcf03 - 20:01:07","timestamp":"2023-08-16T23:01:07.410Z"}
{"level":"http","message":"POST en /api/users/premium/64c2e0db30f9180f8cdfcf03 - 20:02:01","timestamp":"2023-08-16T23:02:01.611Z"}
{"level":"http","message":"POST en /api/users/premium/64c2e0db30f9180f8cdfcf03 - 20:02:02","timestamp":"2023-08-16T23:02:02.713Z"}
{"level":"http","message":"POST en /api/users/premium/64c2e0db30f9180f8cdfcf03 - 20:04:02","timestamp":"2023-08-16T23:04:02.452Z"}
{"level":"http","message":"POST en /api/users/premium/64c2e0db30f9180f8cdfcf03 - 20:04:07","timestamp":"2023-08-16T23:04:07.634Z"}
{"level":"http","message":"POST en /api/users/premium/64c2e0db30f9180f8cdfcf03 - 20:05:10","timestamp":"2023-08-16T23:05:10.323Z"}
{"level":"http","message":"POST en /api/users/premium/64c2e0db30f9180f8cdfcf03 - 20:05:12","timestamp":"2023-08-16T23:05:12.759Z"}
{"level":"http","message":"POST en /api/users/premium/64c2e0db30f9180f8cdfcf03 - 20:07:13","timestamp":"2023-08-16T23:07:13.961Z"}
{"level":"http","message":"POST en /api/users/premium/64c2e0db30f9180f8cdfcf03 - 20:07:22","timestamp":"2023-08-16T23:07:22.692Z"}
{"level":"http","message":"POST en /api/sessions/login - 20:17:57","timestamp":"2023-08-16T23:17:57.575Z"}
